<?xml version="1.0" encoding="UTF-8"?>
<testsuite xmlns:xsi="http://www.w3.org/2001/XMLSchema-instance" xsi:noNamespaceSchemaLocation="https://maven.apache.org/surefire/maven-surefire-plugin/xsd/surefire-test-report.xsd" version="3.0.2" name="com.spg.services.LargestServiceTest" time="0.072" tests="1" errors="0" skipped="0" failures="0">
  <properties>
[...]
</properties>
  <testcase name="testFindLargest" classname="com.spg.services.LargestServiceTest" time="0.031">
    <system-out><![CDATA[-- before all the tests
====== before each test ---> testFindLargest
====== after each test  ---> testFindLargest
]]></system-out>
    <system-err><![CDATA[Oct 08, 2025 12:33:20 AM org.junit.platform.launcher.core.DiscoveryIssueNotifier logIssues
WARNING: TestEngine with ID 'junit-jupiter' encountered a non-critical issue during test discovery:

(1) [WARNING] Possible configuration error: method [void com.spg.services.PalindromeCheckTest.testIsPalindromePass()] resulted in multiple TestDescriptors [org.junit.jupiter.engine.descriptor.TestMethodTestDescriptor, org.junit.jupiter.engine.descriptor.TestTemplateTestDescriptor]. This is typically the result of annotating a method with multiple competing annotations such as @Test, @RepeatedTest, @ParameterizedTest, @TestFactory, etc.
    Source: MethodSource [className = 'com.spg.services.PalindromeCheckTest', methodName = 'testIsPalindromePass', methodParameterTypes = '']
            at com.spg.services.PalindromeCheckTest.testIsPalindromePass(SourceFile:0)
]]></system-err>
  </testcase>
</testsuite>